DEBUG 2015-04-17 11:10:52,348: 	 Executing command: 'submit'
DEBUG 2015-04-17 11:10:52,349: 	 Found /uscms/home/florez/.crab3 file
DEBUG 2015-04-17 11:10:52,356: 	 Checking credentials
DEBUG 2015-04-17 11:10:52,356: 	 Found proxy file /tmp/x509up_u1609
DEBUG 2015-04-17 11:10:52,356: 	 Getting proxy life time left
DEBUG 2015-04-17 11:10:52,459: 	 Executing : 
 command : voms-proxy-info -file /tmp/x509up_u1609 -timeleft
 output : 628499

 error: 
 retcode : 0
DEBUG 2015-04-17 11:10:52,561: 	 Executing : 
 command : voms-proxy-info -file /tmp/x509up_u1609 -actimeleft
 output : 628499

 error: 
 retcode : 0
DEBUG 2015-04-17 11:10:52,562: 	 Proxy valid for 174:34:59 hours
INFO 2015-04-17 11:10:52,563: 	 Will use configuration file crabConfig.py.
DEBUG 2015-04-17 11:10:52,563: 	 Loading configuration
DEBUG 2015-04-17 11:10:52,567: 	 Will use CRAB Analysis plugin (i.e. will run an analysis job type).
ERROR 2015-04-17 11:10:52,567: 	 Working area './crab_NTuples_Data2015_v3' already exists 
Please change the requestName in the config file
ERROR 2015-04-17 11:10:52,568: 	 Caught exception
Traceback (most recent call last):
  File "/cvmfs/cms.cern.ch/crab3/slc6_amd64_gcc481/cms/crabclient/3.3.15.patch1/bin/crab", line 181, in <module>
    client()
  File "/cvmfs/cms.cern.ch/crab3/slc6_amd64_gcc481/cms/crabclient/3.3.15.patch1/bin/crab", line 166, in __call__
    self.cmd = sub_cmd(self.logger, args[1:])
  File "/cvmfs/cms.cern.ch/crab3/slc6_amd64_gcc481/cms/crabclient/3.3.15.patch1/lib/python2.6/site-packages/CRABClient/Commands/submit.py", line 39, in __init__
    SubCommand.__init__(self, logger, cmdargs, disable_interspersed_args = True)
  File "/cvmfs/cms.cern.ch/crab3/slc6_amd64_gcc481/cms/crabclient/3.3.15.patch1/lib/python2.6/site-packages/CRABClient/Commands/SubCommand.py", line 268, in __init__
    getattr(self.configuration.General, 'requestName', None))
  File "/cvmfs/cms.cern.ch/crab3/slc6_amd64_gcc481/cms/crabclient/3.3.15.patch1/lib/python2.6/site-packages/CRABClient/ClientUtilities.py", line 335, in createWorkArea
    raise ConfigException("Working area '%s' already exists \nPlease change the requestName in the config file" % fullpath)
ConfigException: Working area './crab_NTuples_Data2015_v3' already exists 
Please change the requestName in the config file
